<?xml version="1.0" encoding="UTF-8"?>
<testng-results ignored="0" total="1" passed="1" failed="0" skipped="0">
  <reporter-output>
  </reporter-output>
  <suite started-at="2024-07-29T12:52:07 IST" name="InetBanking" finished-at="2024-07-29T12:52:47 IST" duration-ms="40250">
    <groups>
    </groups>
    <test started-at="2024-07-29T12:52:07 IST" name="BankingAPP Test" finished-at="2024-07-29T12:52:47 IST" duration-ms="40250">
      <class name="com.intelBanking.TestCases.TC_AddCustomer_003">
        <test-method is-config="true" signature="setup(java.lang.String)[pri:0, instance:com.intelBanking.TestCases.TC_AddCustomer_003@cecf639]" started-at="2024-07-29T12:52:08 IST" name="setup" finished-at="2024-07-29T12:52:18 IST" duration-ms="10524" status="PASS">
          <params>
            <param index="0">
              <value>
                <![CDATA[chrome]]>
              </value>
            </param>
          </params>
          <reporter-output>
          </reporter-output>
        </test-method> <!-- setup -->
        <test-method signature="AddNewCoustomer()[pri:0, instance:com.intelBanking.TestCases.TC_AddCustomer_003@cecf639]" started-at="2024-07-29T12:52:19 IST" name="AddNewCoustomer" finished-at="2024-07-29T12:52:47 IST" duration-ms="28439" status="PASS">
          <reporter-output>
          </reporter-output>
        </test-method> <!-- AddNewCoustomer -->
        <test-method is-config="true" signature="tearDown()[pri:0, instance:com.intelBanking.TestCases.TC_AddCustomer_003@cecf639]" started-at="2024-07-29T12:52:47 IST" name="tearDown" finished-at="2024-07-29T12:52:47 IST" duration-ms="363" status="PASS">
          <reporter-output>
          </reporter-output>
        </test-method> <!-- tearDown -->
      </class> <!-- com.intelBanking.TestCases.TC_AddCustomer_003 -->
    </test> <!-- BankingAPP Test -->
  </suite> <!-- InetBanking -->
</testng-results>
